[2024-11-13T19:26:36.962+0000] {local_task_job_runner.py:123} INFO - ::group::Pre task execution logs
[2024-11-13T19:26:36.996+0000] {taskinstance.py:2613} INFO - Dependencies all met for dep_context=non-requeueable deps ti=<TaskInstance: car_price_prediction.pipeline scheduled__2022-08-05T15:00:00+00:00 [queued]>
[2024-11-13T19:26:37.013+0000] {taskinstance.py:2613} INFO - Dependencies all met for dep_context=requeueable deps ti=<TaskInstance: car_price_prediction.pipeline scheduled__2022-08-05T15:00:00+00:00 [queued]>
[2024-11-13T19:26:37.016+0000] {taskinstance.py:2866} INFO - Starting attempt 1 of 2
[2024-11-13T19:26:37.040+0000] {taskinstance.py:2889} INFO - Executing <Task(PythonOperator): pipeline> on 2022-08-05 15:00:00+00:00
[2024-11-13T19:26:37.057+0000] {warnings.py:112} WARNING - /home/***/.local/lib/python3.12/site-packages/***/task/task_runner/standard_task_runner.py:70: DeprecationWarning: This process (pid=2288) is multi-threaded, use of fork() may lead to deadlocks in the child.
  pid = os.fork()

[2024-11-13T19:26:37.060+0000] {standard_task_runner.py:72} INFO - Started process 2513 to run task
[2024-11-13T19:26:37.060+0000] {standard_task_runner.py:104} INFO - Running: ['***', 'tasks', 'run', 'car_price_prediction', 'pipeline', 'scheduled__2022-08-05T15:00:00+00:00', '--job-id', '114', '--raw', '--subdir', 'DAGS_FOLDER/hw_dag.py', '--cfg-path', '/tmp/tmpanqgqgth']
[2024-11-13T19:26:37.062+0000] {standard_task_runner.py:105} INFO - Job 114: Subtask pipeline
[2024-11-13T19:26:37.235+0000] {task_command.py:467} INFO - Running <TaskInstance: car_price_prediction.pipeline scheduled__2022-08-05T15:00:00+00:00 [running]> on host ce965bacabe5
[2024-11-13T19:26:37.495+0000] {taskinstance.py:3132} INFO - Exporting env vars: AIRFLOW_CTX_DAG_OWNER='***' AIRFLOW_CTX_DAG_ID='car_price_prediction' AIRFLOW_CTX_TASK_ID='pipeline' AIRFLOW_CTX_EXECUTION_DATE='2022-08-05T15:00:00+00:00' AIRFLOW_CTX_TRY_NUMBER='1' AIRFLOW_CTX_DAG_RUN_ID='scheduled__2022-08-05T15:00:00+00:00'
[2024-11-13T19:26:37.499+0000] {logging_mixin.py:190} INFO - Task instance is in running state
[2024-11-13T19:26:37.504+0000] {logging_mixin.py:190} INFO -  Previous state of the Task instance: queued
[2024-11-13T19:26:37.510+0000] {logging_mixin.py:190} INFO - Current task name:pipeline state:running start_date:2024-11-13 19:26:36.997053+00:00
[2024-11-13T19:26:37.516+0000] {logging_mixin.py:190} INFO - Dag name:car_price_prediction and current dag run status:running
[2024-11-13T19:26:37.527+0000] {taskinstance.py:731} INFO - ::endgroup::
[2024-11-13T19:26:40.766+0000] {pipeline.py:116} INFO - model: LogisticRegression, acc_mean: 0.7591, acc_std: 0.0075
[2024-11-13T19:27:10.914+0000] {pipeline.py:116} INFO - model: RandomForestClassifier, acc_mean: 0.7764, acc_std: 0.0040
[2024-11-13T19:27:36.368+0000] {pipeline.py:116} INFO - model: SVC, acc_mean: 0.7871, acc_std: 0.0042
[2024-11-13T19:27:36.370+0000] {pipeline.py:121} INFO - best model: SVC, accuracy: 0.7871
[2024-11-13T19:27:44.857+0000] {pipeline.py:129} INFO - Model is saved as /opt/***/data/models/cars_pipe_202411131927.pkl
[2024-11-13T19:27:44.862+0000] {python.py:240} INFO - Done. Returned value was: None
[2024-11-13T19:27:44.878+0000] {taskinstance.py:340} INFO - ::group::Post task execution logs
[2024-11-13T19:27:44.879+0000] {taskinstance.py:352} INFO - Marking task as SUCCESS. dag_id=car_price_prediction, task_id=pipeline, run_id=scheduled__2022-08-05T15:00:00+00:00, execution_date=20220805T150000, start_date=20241113T192636, end_date=20241113T192744
[2024-11-13T19:27:44.898+0000] {logging_mixin.py:190} INFO - Task instance in success state
[2024-11-13T19:27:44.902+0000] {logging_mixin.py:190} INFO -  Previous state of the Task instance: running
[2024-11-13T19:27:44.903+0000] {logging_mixin.py:190} INFO - Dag name:car_price_prediction queued_at:2024-11-13 19:26:32.669264+00:00
[2024-11-13T19:27:44.904+0000] {logging_mixin.py:190} INFO - Task hostname:ce965bacabe5 operator:PythonOperator
[2024-11-13T19:27:44.967+0000] {local_task_job_runner.py:266} INFO - Task exited with return code 0
[2024-11-13T19:27:44.995+0000] {taskinstance.py:3895} INFO - 1 downstream tasks scheduled from follow-on schedule check
[2024-11-13T19:27:45.004+0000] {local_task_job_runner.py:245} INFO - ::endgroup::
