[2024-11-13T19:24:49.765+0000] {local_task_job_runner.py:123} INFO - ::group::Pre task execution logs
[2024-11-13T19:24:49.801+0000] {taskinstance.py:2613} INFO - Dependencies all met for dep_context=non-requeueable deps ti=<TaskInstance: car_price_prediction.predict scheduled__2022-07-04T15:00:00+00:00 [queued]>
[2024-11-13T19:24:49.818+0000] {taskinstance.py:2613} INFO - Dependencies all met for dep_context=requeueable deps ti=<TaskInstance: car_price_prediction.predict scheduled__2022-07-04T15:00:00+00:00 [queued]>
[2024-11-13T19:24:49.820+0000] {taskinstance.py:2866} INFO - Starting attempt 1 of 2
[2024-11-13T19:24:49.848+0000] {taskinstance.py:2889} INFO - Executing <Task(PythonOperator): predict> on 2022-07-04 15:00:00+00:00
[2024-11-13T19:24:49.867+0000] {warnings.py:112} WARNING - /home/***/.local/lib/python3.12/site-packages/***/task/task_runner/standard_task_runner.py:70: DeprecationWarning: This process (pid=1307) is multi-threaded, use of fork() may lead to deadlocks in the child.
  pid = os.fork()

[2024-11-13T19:24:49.870+0000] {standard_task_runner.py:72} INFO - Started process 1586 to run task
[2024-11-13T19:24:49.872+0000] {standard_task_runner.py:104} INFO - Running: ['***', 'tasks', 'run', 'car_price_prediction', 'predict', 'scheduled__2022-07-04T15:00:00+00:00', '--job-id', '68', '--raw', '--subdir', 'DAGS_FOLDER/hw_dag.py', '--cfg-path', '/tmp/tmp2q6rd0l8']
[2024-11-13T19:24:49.874+0000] {standard_task_runner.py:105} INFO - Job 68: Subtask predict
[2024-11-13T19:24:50.008+0000] {task_command.py:467} INFO - Running <TaskInstance: car_price_prediction.predict scheduled__2022-07-04T15:00:00+00:00 [running]> on host ce965bacabe5
[2024-11-13T19:24:50.240+0000] {taskinstance.py:3132} INFO - Exporting env vars: AIRFLOW_CTX_DAG_OWNER='***' AIRFLOW_CTX_DAG_ID='car_price_prediction' AIRFLOW_CTX_TASK_ID='predict' AIRFLOW_CTX_EXECUTION_DATE='2022-07-04T15:00:00+00:00' AIRFLOW_CTX_TRY_NUMBER='1' AIRFLOW_CTX_DAG_RUN_ID='scheduled__2022-07-04T15:00:00+00:00'
[2024-11-13T19:24:50.242+0000] {logging_mixin.py:190} INFO - Task instance is in running state
[2024-11-13T19:24:50.244+0000] {logging_mixin.py:190} INFO -  Previous state of the Task instance: queued
[2024-11-13T19:24:50.246+0000] {logging_mixin.py:190} INFO - Current task name:predict state:running start_date:2024-11-13 19:24:49.802060+00:00
[2024-11-13T19:24:50.246+0000] {logging_mixin.py:190} INFO - Dag name:car_price_prediction and current dag run status:running
[2024-11-13T19:24:50.248+0000] {taskinstance.py:731} INFO - ::endgroup::
[2024-11-13T19:24:50.516+0000] {python.py:240} INFO - Done. Returned value was: None
[2024-11-13T19:24:50.535+0000] {taskinstance.py:340} INFO - ::group::Post task execution logs
[2024-11-13T19:24:50.541+0000] {taskinstance.py:352} INFO - Marking task as SUCCESS. dag_id=car_price_prediction, task_id=predict, run_id=scheduled__2022-07-04T15:00:00+00:00, execution_date=20220704T150000, start_date=20241113T192449, end_date=20241113T192450
[2024-11-13T19:24:50.565+0000] {logging_mixin.py:190} INFO - Task instance in success state
[2024-11-13T19:24:50.566+0000] {logging_mixin.py:190} INFO -  Previous state of the Task instance: running
[2024-11-13T19:24:50.566+0000] {logging_mixin.py:190} INFO - Dag name:car_price_prediction queued_at:2024-11-13 19:07:06.423604+00:00
[2024-11-13T19:24:50.567+0000] {logging_mixin.py:190} INFO - Task hostname:ce965bacabe5 operator:PythonOperator
[2024-11-13T19:24:50.629+0000] {local_task_job_runner.py:266} INFO - Task exited with return code 0
[2024-11-13T19:24:50.656+0000] {taskinstance.py:3895} INFO - 0 downstream tasks scheduled from follow-on schedule check
[2024-11-13T19:24:50.659+0000] {local_task_job_runner.py:245} INFO - ::endgroup::
