[2024-11-13T19:28:04.943+0000] {local_task_job_runner.py:123} INFO - ::group::Pre task execution logs
[2024-11-13T19:28:04.970+0000] {taskinstance.py:2613} INFO - Dependencies all met for dep_context=non-requeueable deps ti=<TaskInstance: car_price_prediction.pipeline scheduled__2022-08-19T15:00:00+00:00 [queued]>
[2024-11-13T19:28:04.984+0000] {taskinstance.py:2613} INFO - Dependencies all met for dep_context=requeueable deps ti=<TaskInstance: car_price_prediction.pipeline scheduled__2022-08-19T15:00:00+00:00 [queued]>
[2024-11-13T19:28:04.986+0000] {taskinstance.py:2866} INFO - Starting attempt 1 of 2
[2024-11-13T19:28:05.006+0000] {taskinstance.py:2889} INFO - Executing <Task(PythonOperator): pipeline> on 2022-08-19 15:00:00+00:00
[2024-11-13T19:28:05.022+0000] {warnings.py:112} WARNING - /home/***/.local/lib/python3.12/site-packages/***/task/task_runner/standard_task_runner.py:70: DeprecationWarning: This process (pid=2882) is multi-threaded, use of fork() may lead to deadlocks in the child.
  pid = os.fork()

[2024-11-13T19:28:05.024+0000] {standard_task_runner.py:72} INFO - Started process 3137 to run task
[2024-11-13T19:28:05.036+0000] {standard_task_runner.py:104} INFO - Running: ['***', 'tasks', 'run', 'car_price_prediction', 'pipeline', 'scheduled__2022-08-19T15:00:00+00:00', '--job-id', '144', '--raw', '--subdir', 'DAGS_FOLDER/hw_dag.py', '--cfg-path', '/tmp/tmpscnnv8sx']
[2024-11-13T19:28:05.038+0000] {standard_task_runner.py:105} INFO - Job 144: Subtask pipeline
[2024-11-13T19:28:05.132+0000] {task_command.py:467} INFO - Running <TaskInstance: car_price_prediction.pipeline scheduled__2022-08-19T15:00:00+00:00 [running]> on host ce965bacabe5
[2024-11-13T19:28:05.274+0000] {taskinstance.py:3132} INFO - Exporting env vars: AIRFLOW_CTX_DAG_OWNER='***' AIRFLOW_CTX_DAG_ID='car_price_prediction' AIRFLOW_CTX_TASK_ID='pipeline' AIRFLOW_CTX_EXECUTION_DATE='2022-08-19T15:00:00+00:00' AIRFLOW_CTX_TRY_NUMBER='1' AIRFLOW_CTX_DAG_RUN_ID='scheduled__2022-08-19T15:00:00+00:00'
[2024-11-13T19:28:05.280+0000] {logging_mixin.py:190} INFO - Task instance is in running state
[2024-11-13T19:28:05.282+0000] {logging_mixin.py:190} INFO -  Previous state of the Task instance: queued
[2024-11-13T19:28:05.283+0000] {logging_mixin.py:190} INFO - Current task name:pipeline state:running start_date:2024-11-13 19:28:04.972396+00:00
[2024-11-13T19:28:05.284+0000] {logging_mixin.py:190} INFO - Dag name:car_price_prediction and current dag run status:running
[2024-11-13T19:28:05.285+0000] {taskinstance.py:731} INFO - ::endgroup::
[2024-11-13T19:28:07.999+0000] {pipeline.py:116} INFO - model: LogisticRegression, acc_mean: 0.7591, acc_std: 0.0075
[2024-11-13T19:28:40.087+0000] {pipeline.py:116} INFO - model: RandomForestClassifier, acc_mean: 0.7764, acc_std: 0.0040
[2024-11-13T19:29:06.866+0000] {pipeline.py:116} INFO - model: SVC, acc_mean: 0.7871, acc_std: 0.0042
[2024-11-13T19:29:06.879+0000] {pipeline.py:121} INFO - best model: SVC, accuracy: 0.7871
[2024-11-13T19:29:15.526+0000] {pipeline.py:129} INFO - Model is saved as /opt/***/data/models/cars_pipe_202411131929.pkl
[2024-11-13T19:29:15.531+0000] {python.py:240} INFO - Done. Returned value was: None
[2024-11-13T19:29:15.546+0000] {taskinstance.py:340} INFO - ::group::Post task execution logs
[2024-11-13T19:29:15.547+0000] {taskinstance.py:352} INFO - Marking task as SUCCESS. dag_id=car_price_prediction, task_id=pipeline, run_id=scheduled__2022-08-19T15:00:00+00:00, execution_date=20220819T150000, start_date=20241113T192804, end_date=20241113T192915
[2024-11-13T19:29:15.564+0000] {logging_mixin.py:190} INFO - Task instance in success state
[2024-11-13T19:29:15.565+0000] {logging_mixin.py:190} INFO -  Previous state of the Task instance: running
[2024-11-13T19:29:15.566+0000] {logging_mixin.py:190} INFO - Dag name:car_price_prediction queued_at:2024-11-13 19:28:00.465462+00:00
[2024-11-13T19:29:15.567+0000] {logging_mixin.py:190} INFO - Task hostname:ce965bacabe5 operator:PythonOperator
[2024-11-13T19:29:15.638+0000] {local_task_job_runner.py:266} INFO - Task exited with return code 0
[2024-11-13T19:29:15.665+0000] {taskinstance.py:3895} INFO - 1 downstream tasks scheduled from follow-on schedule check
[2024-11-13T19:29:15.669+0000] {local_task_job_runner.py:245} INFO - ::endgroup::
