[2024-11-13T19:26:37.605+0000] {local_task_job_runner.py:123} INFO - ::group::Pre task execution logs
[2024-11-13T19:26:37.650+0000] {taskinstance.py:2613} INFO - Dependencies all met for dep_context=non-requeueable deps ti=<TaskInstance: car_price_prediction.pipeline scheduled__2022-08-07T15:00:00+00:00 [queued]>
[2024-11-13T19:26:37.678+0000] {taskinstance.py:2613} INFO - Dependencies all met for dep_context=requeueable deps ti=<TaskInstance: car_price_prediction.pipeline scheduled__2022-08-07T15:00:00+00:00 [queued]>
[2024-11-13T19:26:37.682+0000] {taskinstance.py:2866} INFO - Starting attempt 1 of 2
[2024-11-13T19:26:37.711+0000] {taskinstance.py:2889} INFO - Executing <Task(PythonOperator): pipeline> on 2022-08-07 15:00:00+00:00
[2024-11-13T19:26:37.729+0000] {warnings.py:112} WARNING - /home/***/.local/lib/python3.12/site-packages/***/task/task_runner/standard_task_runner.py:70: DeprecationWarning: This process (pid=2322) is multi-threaded, use of fork() may lead to deadlocks in the child.
  pid = os.fork()

[2024-11-13T19:26:37.731+0000] {standard_task_runner.py:72} INFO - Started process 2517 to run task
[2024-11-13T19:26:37.735+0000] {standard_task_runner.py:104} INFO - Running: ['***', 'tasks', 'run', 'car_price_prediction', 'pipeline', 'scheduled__2022-08-07T15:00:00+00:00', '--job-id', '116', '--raw', '--subdir', 'DAGS_FOLDER/hw_dag.py', '--cfg-path', '/tmp/tmpnmlrc3y5']
[2024-11-13T19:26:37.740+0000] {standard_task_runner.py:105} INFO - Job 116: Subtask pipeline
[2024-11-13T19:26:37.847+0000] {task_command.py:467} INFO - Running <TaskInstance: car_price_prediction.pipeline scheduled__2022-08-07T15:00:00+00:00 [running]> on host ce965bacabe5
[2024-11-13T19:26:38.094+0000] {taskinstance.py:3132} INFO - Exporting env vars: AIRFLOW_CTX_DAG_OWNER='***' AIRFLOW_CTX_DAG_ID='car_price_prediction' AIRFLOW_CTX_TASK_ID='pipeline' AIRFLOW_CTX_EXECUTION_DATE='2022-08-07T15:00:00+00:00' AIRFLOW_CTX_TRY_NUMBER='1' AIRFLOW_CTX_DAG_RUN_ID='scheduled__2022-08-07T15:00:00+00:00'
[2024-11-13T19:26:38.098+0000] {logging_mixin.py:190} INFO - Task instance is in running state
[2024-11-13T19:26:38.101+0000] {logging_mixin.py:190} INFO -  Previous state of the Task instance: queued
[2024-11-13T19:26:38.102+0000] {logging_mixin.py:190} INFO - Current task name:pipeline state:running start_date:2024-11-13 19:26:37.665171+00:00
[2024-11-13T19:26:38.103+0000] {logging_mixin.py:190} INFO - Dag name:car_price_prediction and current dag run status:running
[2024-11-13T19:26:38.105+0000] {taskinstance.py:731} INFO - ::endgroup::
[2024-11-13T19:26:41.164+0000] {pipeline.py:116} INFO - model: LogisticRegression, acc_mean: 0.7591, acc_std: 0.0075
[2024-11-13T19:27:12.029+0000] {pipeline.py:116} INFO - model: RandomForestClassifier, acc_mean: 0.7764, acc_std: 0.0040
[2024-11-13T19:27:36.994+0000] {pipeline.py:116} INFO - model: SVC, acc_mean: 0.7871, acc_std: 0.0042
[2024-11-13T19:27:36.995+0000] {pipeline.py:121} INFO - best model: SVC, accuracy: 0.7871
[2024-11-13T19:27:45.317+0000] {pipeline.py:129} INFO - Model is saved as /opt/***/data/models/cars_pipe_202411131927.pkl
[2024-11-13T19:27:45.323+0000] {python.py:240} INFO - Done. Returned value was: None
[2024-11-13T19:27:45.338+0000] {taskinstance.py:340} INFO - ::group::Post task execution logs
[2024-11-13T19:27:45.339+0000] {taskinstance.py:352} INFO - Marking task as SUCCESS. dag_id=car_price_prediction, task_id=pipeline, run_id=scheduled__2022-08-07T15:00:00+00:00, execution_date=20220807T150000, start_date=20241113T192637, end_date=20241113T192745
[2024-11-13T19:27:45.357+0000] {logging_mixin.py:190} INFO - Task instance in success state
[2024-11-13T19:27:45.358+0000] {logging_mixin.py:190} INFO -  Previous state of the Task instance: running
[2024-11-13T19:27:45.359+0000] {logging_mixin.py:190} INFO - Dag name:car_price_prediction queued_at:2024-11-13 19:26:33.095105+00:00
[2024-11-13T19:27:45.360+0000] {logging_mixin.py:190} INFO - Task hostname:ce965bacabe5 operator:PythonOperator
[2024-11-13T19:27:45.426+0000] {local_task_job_runner.py:266} INFO - Task exited with return code 0
[2024-11-13T19:27:45.461+0000] {taskinstance.py:3895} INFO - 1 downstream tasks scheduled from follow-on schedule check
[2024-11-13T19:27:45.465+0000] {local_task_job_runner.py:245} INFO - ::endgroup::
