[2024-11-13T19:24:52.233+0000] {local_task_job_runner.py:123} INFO - ::group::Pre task execution logs
[2024-11-13T19:24:52.257+0000] {taskinstance.py:2613} INFO - Dependencies all met for dep_context=non-requeueable deps ti=<TaskInstance: car_price_prediction.predict scheduled__2022-07-01T15:00:00+00:00 [queued]>
[2024-11-13T19:24:52.273+0000] {taskinstance.py:2613} INFO - Dependencies all met for dep_context=requeueable deps ti=<TaskInstance: car_price_prediction.predict scheduled__2022-07-01T15:00:00+00:00 [queued]>
[2024-11-13T19:24:52.275+0000] {taskinstance.py:2866} INFO - Starting attempt 1 of 2
[2024-11-13T19:24:52.297+0000] {taskinstance.py:2889} INFO - Executing <Task(PythonOperator): predict> on 2022-07-01 15:00:00+00:00
[2024-11-13T19:24:52.311+0000] {warnings.py:112} WARNING - /home/***/.local/lib/python3.12/site-packages/***/task/task_runner/standard_task_runner.py:70: DeprecationWarning: This process (pid=1299) is multi-threaded, use of fork() may lead to deadlocks in the child.
  pid = os.fork()

[2024-11-13T19:24:52.313+0000] {standard_task_runner.py:104} INFO - Running: ['***', 'tasks', 'run', 'car_price_prediction', 'predict', 'scheduled__2022-07-01T15:00:00+00:00', '--job-id', '74', '--raw', '--subdir', 'DAGS_FOLDER/hw_dag.py', '--cfg-path', '/tmp/tmp73rb97av']
[2024-11-13T19:24:52.315+0000] {standard_task_runner.py:105} INFO - Job 74: Subtask predict
[2024-11-13T19:24:52.314+0000] {standard_task_runner.py:72} INFO - Started process 1598 to run task
[2024-11-13T19:24:52.434+0000] {task_command.py:467} INFO - Running <TaskInstance: car_price_prediction.predict scheduled__2022-07-01T15:00:00+00:00 [running]> on host ce965bacabe5
[2024-11-13T19:24:52.712+0000] {taskinstance.py:3132} INFO - Exporting env vars: AIRFLOW_CTX_DAG_OWNER='***' AIRFLOW_CTX_DAG_ID='car_price_prediction' AIRFLOW_CTX_TASK_ID='predict' AIRFLOW_CTX_EXECUTION_DATE='2022-07-01T15:00:00+00:00' AIRFLOW_CTX_TRY_NUMBER='1' AIRFLOW_CTX_DAG_RUN_ID='scheduled__2022-07-01T15:00:00+00:00'
[2024-11-13T19:24:52.716+0000] {logging_mixin.py:190} INFO - Task instance is in running state
[2024-11-13T19:24:52.717+0000] {logging_mixin.py:190} INFO -  Previous state of the Task instance: queued
[2024-11-13T19:24:52.718+0000] {logging_mixin.py:190} INFO - Current task name:predict state:running start_date:2024-11-13 19:24:52.258791+00:00
[2024-11-13T19:24:52.719+0000] {logging_mixin.py:190} INFO - Dag name:car_price_prediction and current dag run status:running
[2024-11-13T19:24:52.720+0000] {taskinstance.py:731} INFO - ::endgroup::
[2024-11-13T19:24:53.033+0000] {python.py:240} INFO - Done. Returned value was: None
[2024-11-13T19:24:53.044+0000] {taskinstance.py:340} INFO - ::group::Post task execution logs
[2024-11-13T19:24:53.045+0000] {taskinstance.py:352} INFO - Marking task as SUCCESS. dag_id=car_price_prediction, task_id=predict, run_id=scheduled__2022-07-01T15:00:00+00:00, execution_date=20220701T150000, start_date=20241113T192452, end_date=20241113T192453
[2024-11-13T19:24:53.056+0000] {logging_mixin.py:190} INFO - Task instance in success state
[2024-11-13T19:24:53.057+0000] {logging_mixin.py:190} INFO -  Previous state of the Task instance: running
[2024-11-13T19:24:53.058+0000] {logging_mixin.py:190} INFO - Dag name:car_price_prediction queued_at:2024-11-13 19:07:06.016204+00:00
[2024-11-13T19:24:53.058+0000] {logging_mixin.py:190} INFO - Task hostname:ce965bacabe5 operator:PythonOperator
[2024-11-13T19:24:53.104+0000] {local_task_job_runner.py:266} INFO - Task exited with return code 0
[2024-11-13T19:24:53.123+0000] {taskinstance.py:3895} INFO - 0 downstream tasks scheduled from follow-on schedule check
[2024-11-13T19:24:53.125+0000] {local_task_job_runner.py:245} INFO - ::endgroup::
