[2024-11-13T19:26:22.329+0000] {local_task_job_runner.py:123} INFO - ::group::Pre task execution logs
[2024-11-13T19:26:22.373+0000] {taskinstance.py:2613} INFO - Dependencies all met for dep_context=non-requeueable deps ti=<TaskInstance: car_price_prediction.predict scheduled__2022-07-13T15:00:00+00:00 [queued]>
[2024-11-13T19:26:22.387+0000] {taskinstance.py:2613} INFO - Dependencies all met for dep_context=requeueable deps ti=<TaskInstance: car_price_prediction.predict scheduled__2022-07-13T15:00:00+00:00 [queued]>
[2024-11-13T19:26:22.389+0000] {taskinstance.py:2866} INFO - Starting attempt 1 of 2
[2024-11-13T19:26:22.420+0000] {taskinstance.py:2889} INFO - Executing <Task(PythonOperator): predict> on 2022-07-13 15:00:00+00:00
[2024-11-13T19:26:22.435+0000] {warnings.py:112} WARNING - /home/***/.local/lib/python3.12/site-packages/***/task/task_runner/standard_task_runner.py:70: DeprecationWarning: This process (pid=1925) is multi-threaded, use of fork() may lead to deadlocks in the child.
  pid = os.fork()

[2024-11-13T19:26:22.437+0000] {standard_task_runner.py:72} INFO - Started process 2098 to run task
[2024-11-13T19:26:22.438+0000] {standard_task_runner.py:104} INFO - Running: ['***', 'tasks', 'run', 'car_price_prediction', 'predict', 'scheduled__2022-07-13T15:00:00+00:00', '--job-id', '93', '--raw', '--subdir', 'DAGS_FOLDER/hw_dag.py', '--cfg-path', '/tmp/tmp1sq0yv6x']
[2024-11-13T19:26:22.443+0000] {standard_task_runner.py:105} INFO - Job 93: Subtask predict
[2024-11-13T19:26:22.537+0000] {task_command.py:467} INFO - Running <TaskInstance: car_price_prediction.predict scheduled__2022-07-13T15:00:00+00:00 [running]> on host ce965bacabe5
[2024-11-13T19:26:22.709+0000] {taskinstance.py:3132} INFO - Exporting env vars: AIRFLOW_CTX_DAG_OWNER='***' AIRFLOW_CTX_DAG_ID='car_price_prediction' AIRFLOW_CTX_TASK_ID='predict' AIRFLOW_CTX_EXECUTION_DATE='2022-07-13T15:00:00+00:00' AIRFLOW_CTX_TRY_NUMBER='1' AIRFLOW_CTX_DAG_RUN_ID='scheduled__2022-07-13T15:00:00+00:00'
[2024-11-13T19:26:22.713+0000] {logging_mixin.py:190} INFO - Task instance is in running state
[2024-11-13T19:26:22.714+0000] {logging_mixin.py:190} INFO -  Previous state of the Task instance: queued
[2024-11-13T19:26:22.719+0000] {logging_mixin.py:190} INFO - Current task name:predict state:running start_date:2024-11-13 19:26:22.375008+00:00
[2024-11-13T19:26:22.722+0000] {logging_mixin.py:190} INFO - Dag name:car_price_prediction and current dag run status:running
[2024-11-13T19:26:22.723+0000] {taskinstance.py:731} INFO - ::endgroup::
[2024-11-13T19:26:22.964+0000] {python.py:240} INFO - Done. Returned value was: None
[2024-11-13T19:26:22.978+0000] {taskinstance.py:340} INFO - ::group::Post task execution logs
[2024-11-13T19:26:22.979+0000] {taskinstance.py:352} INFO - Marking task as SUCCESS. dag_id=car_price_prediction, task_id=predict, run_id=scheduled__2022-07-13T15:00:00+00:00, execution_date=20220713T150000, start_date=20241113T192622, end_date=20241113T192622
[2024-11-13T19:26:22.995+0000] {logging_mixin.py:190} INFO - Task instance in success state
[2024-11-13T19:26:22.996+0000] {logging_mixin.py:190} INFO -  Previous state of the Task instance: running
[2024-11-13T19:26:22.997+0000] {logging_mixin.py:190} INFO - Dag name:car_price_prediction queued_at:2024-11-13 19:25:02.156349+00:00
[2024-11-13T19:26:22.997+0000] {logging_mixin.py:190} INFO - Task hostname:ce965bacabe5 operator:PythonOperator
[2024-11-13T19:26:23.039+0000] {local_task_job_runner.py:266} INFO - Task exited with return code 0
[2024-11-13T19:26:23.061+0000] {taskinstance.py:3895} INFO - 0 downstream tasks scheduled from follow-on schedule check
[2024-11-13T19:26:23.065+0000] {local_task_job_runner.py:245} INFO - ::endgroup::
