[2024-11-13T19:25:06.698+0000] {local_task_job_runner.py:123} INFO - ::group::Pre task execution logs
[2024-11-13T19:25:06.754+0000] {taskinstance.py:2613} INFO - Dependencies all met for dep_context=non-requeueable deps ti=<TaskInstance: car_price_prediction.pipeline scheduled__2022-07-17T15:00:00+00:00 [queued]>
[2024-11-13T19:25:06.777+0000] {taskinstance.py:2613} INFO - Dependencies all met for dep_context=requeueable deps ti=<TaskInstance: car_price_prediction.pipeline scheduled__2022-07-17T15:00:00+00:00 [queued]>
[2024-11-13T19:25:06.780+0000] {taskinstance.py:2866} INFO - Starting attempt 1 of 2
[2024-11-13T19:25:06.822+0000] {taskinstance.py:2889} INFO - Executing <Task(PythonOperator): pipeline> on 2022-07-17 15:00:00+00:00
[2024-11-13T19:25:06.854+0000] {warnings.py:112} WARNING - /home/***/.local/lib/python3.12/site-packages/***/task/task_runner/standard_task_runner.py:70: DeprecationWarning: This process (pid=1608) is multi-threaded, use of fork() may lead to deadlocks in the child.
  pid = os.fork()

[2024-11-13T19:25:06.859+0000] {standard_task_runner.py:72} INFO - Started process 1886 to run task
[2024-11-13T19:25:06.865+0000] {standard_task_runner.py:104} INFO - Running: ['***', 'tasks', 'run', 'car_price_prediction', 'pipeline', 'scheduled__2022-07-17T15:00:00+00:00', '--job-id', '79', '--raw', '--subdir', 'DAGS_FOLDER/hw_dag.py', '--cfg-path', '/tmp/tmp2kdnrzu9']
[2024-11-13T19:25:06.878+0000] {standard_task_runner.py:105} INFO - Job 79: Subtask pipeline
[2024-11-13T19:25:06.987+0000] {task_command.py:467} INFO - Running <TaskInstance: car_price_prediction.pipeline scheduled__2022-07-17T15:00:00+00:00 [running]> on host ce965bacabe5
[2024-11-13T19:25:07.152+0000] {taskinstance.py:3132} INFO - Exporting env vars: AIRFLOW_CTX_DAG_OWNER='***' AIRFLOW_CTX_DAG_ID='car_price_prediction' AIRFLOW_CTX_TASK_ID='pipeline' AIRFLOW_CTX_EXECUTION_DATE='2022-07-17T15:00:00+00:00' AIRFLOW_CTX_TRY_NUMBER='1' AIRFLOW_CTX_DAG_RUN_ID='scheduled__2022-07-17T15:00:00+00:00'
[2024-11-13T19:25:07.159+0000] {logging_mixin.py:190} INFO - Task instance is in running state
[2024-11-13T19:25:07.160+0000] {logging_mixin.py:190} INFO -  Previous state of the Task instance: queued
[2024-11-13T19:25:07.160+0000] {logging_mixin.py:190} INFO - Current task name:pipeline state:running start_date:2024-11-13 19:25:06.756790+00:00
[2024-11-13T19:25:07.161+0000] {logging_mixin.py:190} INFO - Dag name:car_price_prediction and current dag run status:running
[2024-11-13T19:25:07.162+0000] {taskinstance.py:731} INFO - ::endgroup::
[2024-11-13T19:25:10.006+0000] {pipeline.py:116} INFO - model: LogisticRegression, acc_mean: 0.7591, acc_std: 0.0075
[2024-11-13T19:25:40.491+0000] {pipeline.py:116} INFO - model: RandomForestClassifier, acc_mean: 0.7764, acc_std: 0.0040
[2024-11-13T19:26:06.797+0000] {pipeline.py:116} INFO - model: SVC, acc_mean: 0.7871, acc_std: 0.0042
[2024-11-13T19:26:06.803+0000] {pipeline.py:121} INFO - best model: SVC, accuracy: 0.7871
[2024-11-13T19:26:17.628+0000] {pipeline.py:129} INFO - Model is saved as /opt/***/data/models/cars_pipe_202411131926.pkl
[2024-11-13T19:26:17.634+0000] {python.py:240} INFO - Done. Returned value was: None
[2024-11-13T19:26:17.647+0000] {taskinstance.py:340} INFO - ::group::Post task execution logs
[2024-11-13T19:26:17.670+0000] {taskinstance.py:352} INFO - Marking task as SUCCESS. dag_id=car_price_prediction, task_id=pipeline, run_id=scheduled__2022-07-17T15:00:00+00:00, execution_date=20220717T150000, start_date=20241113T192506, end_date=20241113T192617
[2024-11-13T19:26:17.691+0000] {logging_mixin.py:190} INFO - Task instance in success state
[2024-11-13T19:26:17.692+0000] {logging_mixin.py:190} INFO -  Previous state of the Task instance: running
[2024-11-13T19:26:17.693+0000] {logging_mixin.py:190} INFO - Dag name:car_price_prediction queued_at:2024-11-13 19:25:02.525593+00:00
[2024-11-13T19:26:17.694+0000] {logging_mixin.py:190} INFO - Task hostname:ce965bacabe5 operator:PythonOperator
[2024-11-13T19:26:17.781+0000] {local_task_job_runner.py:266} INFO - Task exited with return code 0
[2024-11-13T19:26:17.798+0000] {local_task_job_runner.py:245} INFO - ::endgroup::
