[2024-11-13T19:24:49.863+0000] {local_task_job_runner.py:123} INFO - ::group::Pre task execution logs
[2024-11-13T19:24:49.904+0000] {taskinstance.py:2613} INFO - Dependencies all met for dep_context=non-requeueable deps ti=<TaskInstance: car_price_prediction.predict scheduled__2022-07-08T15:00:00+00:00 [queued]>
[2024-11-13T19:24:49.927+0000] {taskinstance.py:2613} INFO - Dependencies all met for dep_context=requeueable deps ti=<TaskInstance: car_price_prediction.predict scheduled__2022-07-08T15:00:00+00:00 [queued]>
[2024-11-13T19:24:49.930+0000] {taskinstance.py:2866} INFO - Starting attempt 1 of 2
[2024-11-13T19:24:49.965+0000] {taskinstance.py:2889} INFO - Executing <Task(PythonOperator): predict> on 2022-07-08 15:00:00+00:00
[2024-11-13T19:24:49.995+0000] {warnings.py:112} WARNING - /home/***/.local/lib/python3.12/site-packages/***/task/task_runner/standard_task_runner.py:70: DeprecationWarning: This process (pid=1306) is multi-threaded, use of fork() may lead to deadlocks in the child.
  pid = os.fork()

[2024-11-13T19:24:49.997+0000] {standard_task_runner.py:72} INFO - Started process 1590 to run task
[2024-11-13T19:24:50.004+0000] {standard_task_runner.py:104} INFO - Running: ['***', 'tasks', 'run', 'car_price_prediction', 'predict', 'scheduled__2022-07-08T15:00:00+00:00', '--job-id', '70', '--raw', '--subdir', 'DAGS_FOLDER/hw_dag.py', '--cfg-path', '/tmp/tmpgrtdp1tn']
[2024-11-13T19:24:50.007+0000] {standard_task_runner.py:105} INFO - Job 70: Subtask predict
[2024-11-13T19:24:50.147+0000] {task_command.py:467} INFO - Running <TaskInstance: car_price_prediction.predict scheduled__2022-07-08T15:00:00+00:00 [running]> on host ce965bacabe5
[2024-11-13T19:24:50.367+0000] {taskinstance.py:3132} INFO - Exporting env vars: AIRFLOW_CTX_DAG_OWNER='***' AIRFLOW_CTX_DAG_ID='car_price_prediction' AIRFLOW_CTX_TASK_ID='predict' AIRFLOW_CTX_EXECUTION_DATE='2022-07-08T15:00:00+00:00' AIRFLOW_CTX_TRY_NUMBER='1' AIRFLOW_CTX_DAG_RUN_ID='scheduled__2022-07-08T15:00:00+00:00'
[2024-11-13T19:24:50.369+0000] {logging_mixin.py:190} INFO - Task instance is in running state
[2024-11-13T19:24:50.370+0000] {logging_mixin.py:190} INFO -  Previous state of the Task instance: queued
[2024-11-13T19:24:50.370+0000] {logging_mixin.py:190} INFO - Current task name:predict state:running start_date:2024-11-13 19:24:49.906515+00:00
[2024-11-13T19:24:50.371+0000] {logging_mixin.py:190} INFO - Dag name:car_price_prediction and current dag run status:running
[2024-11-13T19:24:50.372+0000] {taskinstance.py:731} INFO - ::endgroup::
[2024-11-13T19:24:50.654+0000] {python.py:240} INFO - Done. Returned value was: None
[2024-11-13T19:24:50.671+0000] {taskinstance.py:340} INFO - ::group::Post task execution logs
[2024-11-13T19:24:50.672+0000] {taskinstance.py:352} INFO - Marking task as SUCCESS. dag_id=car_price_prediction, task_id=predict, run_id=scheduled__2022-07-08T15:00:00+00:00, execution_date=20220708T150000, start_date=20241113T192449, end_date=20241113T192450
[2024-11-13T19:24:50.690+0000] {logging_mixin.py:190} INFO - Task instance in success state
[2024-11-13T19:24:50.691+0000] {logging_mixin.py:190} INFO -  Previous state of the Task instance: running
[2024-11-13T19:24:50.692+0000] {logging_mixin.py:190} INFO - Dag name:car_price_prediction queued_at:2024-11-13 19:07:07.221493+00:00
[2024-11-13T19:24:50.692+0000] {logging_mixin.py:190} INFO - Task hostname:ce965bacabe5 operator:PythonOperator
[2024-11-13T19:24:50.757+0000] {local_task_job_runner.py:266} INFO - Task exited with return code 0
[2024-11-13T19:24:50.779+0000] {taskinstance.py:3895} INFO - 0 downstream tasks scheduled from follow-on schedule check
[2024-11-13T19:24:50.781+0000] {local_task_job_runner.py:245} INFO - ::endgroup::
