[2024-11-13T19:27:49.383+0000] {local_task_job_runner.py:123} INFO - ::group::Pre task execution logs
[2024-11-13T19:27:49.408+0000] {taskinstance.py:2613} INFO - Dependencies all met for dep_context=non-requeueable deps ti=<TaskInstance: car_price_prediction.predict scheduled__2022-08-07T15:00:00+00:00 [queued]>
[2024-11-13T19:27:49.427+0000] {taskinstance.py:2613} INFO - Dependencies all met for dep_context=requeueable deps ti=<TaskInstance: car_price_prediction.predict scheduled__2022-08-07T15:00:00+00:00 [queued]>
[2024-11-13T19:27:49.429+0000] {taskinstance.py:2866} INFO - Starting attempt 1 of 2
[2024-11-13T19:27:49.453+0000] {taskinstance.py:2889} INFO - Executing <Task(PythonOperator): predict> on 2022-08-07 15:00:00+00:00
[2024-11-13T19:27:49.468+0000] {warnings.py:112} WARNING - /home/***/.local/lib/python3.12/site-packages/***/task/task_runner/standard_task_runner.py:70: DeprecationWarning: This process (pid=2581) is multi-threaded, use of fork() may lead to deadlocks in the child.
  pid = os.fork()

[2024-11-13T19:27:49.470+0000] {standard_task_runner.py:72} INFO - Started process 2667 to run task
[2024-11-13T19:27:49.470+0000] {standard_task_runner.py:104} INFO - Running: ['***', 'tasks', 'run', 'car_price_prediction', 'predict', 'scheduled__2022-08-07T15:00:00+00:00', '--job-id', '125', '--raw', '--subdir', 'DAGS_FOLDER/hw_dag.py', '--cfg-path', '/tmp/tmplf5bipmw']
[2024-11-13T19:27:49.472+0000] {standard_task_runner.py:105} INFO - Job 125: Subtask predict
[2024-11-13T19:27:49.545+0000] {task_command.py:467} INFO - Running <TaskInstance: car_price_prediction.predict scheduled__2022-08-07T15:00:00+00:00 [running]> on host ce965bacabe5
[2024-11-13T19:27:49.682+0000] {taskinstance.py:3132} INFO - Exporting env vars: AIRFLOW_CTX_DAG_OWNER='***' AIRFLOW_CTX_DAG_ID='car_price_prediction' AIRFLOW_CTX_TASK_ID='predict' AIRFLOW_CTX_EXECUTION_DATE='2022-08-07T15:00:00+00:00' AIRFLOW_CTX_TRY_NUMBER='1' AIRFLOW_CTX_DAG_RUN_ID='scheduled__2022-08-07T15:00:00+00:00'
[2024-11-13T19:27:49.683+0000] {logging_mixin.py:190} INFO - Task instance is in running state
[2024-11-13T19:27:49.684+0000] {logging_mixin.py:190} INFO -  Previous state of the Task instance: queued
[2024-11-13T19:27:49.685+0000] {logging_mixin.py:190} INFO - Current task name:predict state:running start_date:2024-11-13 19:27:49.409212+00:00
[2024-11-13T19:27:49.686+0000] {logging_mixin.py:190} INFO - Dag name:car_price_prediction and current dag run status:running
[2024-11-13T19:27:49.686+0000] {taskinstance.py:731} INFO - ::endgroup::
[2024-11-13T19:27:49.887+0000] {python.py:240} INFO - Done. Returned value was: None
[2024-11-13T19:27:49.900+0000] {taskinstance.py:340} INFO - ::group::Post task execution logs
[2024-11-13T19:27:49.901+0000] {taskinstance.py:352} INFO - Marking task as SUCCESS. dag_id=car_price_prediction, task_id=predict, run_id=scheduled__2022-08-07T15:00:00+00:00, execution_date=20220807T150000, start_date=20241113T192749, end_date=20241113T192749
[2024-11-13T19:27:49.916+0000] {logging_mixin.py:190} INFO - Task instance in success state
[2024-11-13T19:27:49.917+0000] {logging_mixin.py:190} INFO -  Previous state of the Task instance: running
[2024-11-13T19:27:49.917+0000] {logging_mixin.py:190} INFO - Dag name:car_price_prediction queued_at:2024-11-13 19:26:33.095105+00:00
[2024-11-13T19:27:49.918+0000] {logging_mixin.py:190} INFO - Task hostname:ce965bacabe5 operator:PythonOperator
[2024-11-13T19:27:49.971+0000] {local_task_job_runner.py:266} INFO - Task exited with return code 0
[2024-11-13T19:27:49.990+0000] {taskinstance.py:3895} INFO - 0 downstream tasks scheduled from follow-on schedule check
[2024-11-13T19:27:49.995+0000] {local_task_job_runner.py:245} INFO - ::endgroup::
